6727
8584
13752
17425
15540
21525
19636
16957
20313
25018
20104
19985
20562
21919
21833
24653
23345
22900
24094
24521
26058
28957
30357
27281
25955
26104
26636
28937
27870
28949
28745
29607
33634
30216
31092
30842
36582
34016
37398
33267
34792
37260
37583
37914
35320
35078
35882
35909
35839
40509
36747
37284
37684
38883
42714
43039
38744
43631
43876
41244
42778
42041
42638
43329
47114
47080
46115
44605
44923
44662
48654
49230
44265
50033
50063
48316
47750
51249
51929
52323
47333
47259
47924
50421
52434
49117
49560
53085
50042
50729
50553
51211
51200
51073
51673
52075
52160
52313
53310
53021
12937
15156
18207
20117
22637
23049
24059
23987
24605
24638
24851
25254
25523
26400
23732
27438
27188
24903
29672
28515
28784
28880
28799
30768
31509
32087
31931
31643
31587
30239
33906
33177
34065
34291
34384
34938
32540
36692
33915
36866
36853
37301
37306
36894
36181
38021
36148
39862
40205
40509
41094
40849
41032
42501
43510
42651
42745
41191
43592
41969
43941
42858
43293
43484
44398
44619
44063
44998
45267
46089
45662
49253
46155
47116
49816
49838
47973
50331
49047
49274
49546
49999
51089
52793
51619
51510
51668
52412
52639
52765
53157
53540
53721
54357
54506
54996
55003
55076
55787
56013
5571
9326
11128
13812
15560
18269
21083
22173
22140
21597
21747
22854
22813
23101
24777
23749
24101
24399
25247
25002
25384
25682
26477
26620
27290
27686
27921
28715
29065
28917
30045
30919
30533
30637
31157
32087
31603
33421
33282
33374
33356
34184
34873
34985
35733
35495
35871
35206
37123
36624
37618
37477
36642
38861
39433
39503
39394
39252
39448
38184
41629
40928
41413
40570
41940
42169
42499
43388
41043
42506
43210
43802
42600
44979
44992
45387
44999
44013
45401
44768
46308
45249
46635
47384
47621
47734
48003
48766
48543
49645
48329
50443
48873
50469
49606
50874
50997
50165
51898
51866
11100
12637
14786
17512
19820
21530
21641
21554
22365
22311
22824
23014
23350
23648
23880
23974
24496
24634
24781
25529
25681
25657
25971
26233
27163
27596
27076
27624
27655
28492
29614
28347
29926
29005
30219
30611
31231
32739
32496
32431
31816
33158
32116
33970
32786
34647
34148
35031
34381
35044
35082
36824
36229
36685
37258
36633
37110
37425
37319
38648
39025
38909
39009
39729
39261
40145
40453
41515
41483
42139
41431
41930
43171
43012
43250
43017
43641
43734
44591
45068
44753
45662
45551
46079
46651
46230
46663
47687
47025
47565
47608
49063
49030
49171
49335
50204
50221
51203
51198
52276
9866
12020
14181
16774
17993
18282
18741
18838
19208
18882
19019
19845
19876
20591
21526
21249
21924
22049
23478
21695
24017
23198
24753
23291
24728
24545
25249
25923
25395
27207
27213
26509
27510
27826
28251
28874
29094
29478
29814
30437
29863
30477
30589
31851
31028
32007
32791
33179
33971
34590
34528
34985
35725
36333
36530
37023
36621
38189
37607
38617
39067
39764
40038
40788
41486
42500
42787
43442
44374
45540
45191
45984
46513
46333
47927
47601
48604
48437
49543
49739
50035
50309
50999
50811
52086
51665
53091
53567
53033
53255
54038
54719
54619
54747
55344
55636
55933
56396
56684
57313
10458
13523
15056
17674
19424
20414
20542
19713
20330
20740
20892
22749
22175
22027
22600
23955
23961
24229
24874
24525
25059
25216
26769
26600
26606
27106
28081
27973
28011
28953
29097
29464
29764
29862
30535
30984
31826
33275
32483
32856
32564
33274
33454
34253
34953
35008
35057
34954
36043
35894
36316
35765
37000
38089
37641
37824
38622
38747
39137
39831
39685
40581
40445
40763
40294
41627
41425
42369
42535
42156
42764
42935
42983
44374
44710
44685
44504
45257
45673
45237
45677
46027
47360
47405
47156
47650
47904
48069
48708
48503
49027
49434
49613
49974
50449
50511
51096
51467
51249
51490
10835
14316
15107
17876
18991
18852
18799
19520
19618
19226
19508
20310
20176
20270
20621
21382
21488
22194
22438
22779
23297
23177
24247
24944
24646
25282
25197
25710
25088
26284
26453
27048
26712
27383
27679
28138
27465
28458
28823
29025
29421
30022
29357
30909
30903
30832
31222
32129
31903
32986
32687
33395
33092
33660
33658
33690
34606
34653
34551
34730
35926
35832
36238
36209
37265
37144
37220
37575
37381
38228
38522
38220
39149
39698
39602
40112
40557
40749
40457
40928
41351
41283
42073
42633
42588
42770
43074
43282
43560
43726
44072
45035
44943
44889
45466
45686
45814
46252
46257
46632
9719
11814
14065
16886
18136
18115
17567
18090
18379
18535
19889
19481
19754
21107
20945
21423
20913
21659
22064
22218
22829
22620
22905
23621
24215
25173
26006
25285
25036
25591
25813
26360
26833
27448
27141
27283
27984
27997
28704
30168
29355
30248
30150
30743
30428
30522
30878
31457
32073
32478
32760
33281
33593
34139
34595
33701
34994
34671
35458
35039
36262
35646
36092
36974
35739
36667
37069
36851
37551
38847
37970
38073
38245
38493
39645
39630
39732
40043
40394
40611
41183
41107
41917
42227
42150
42291
42957
42831
43463
43908
43877
44462
45111
45000
45040
45537
45650
46121
46122
46849
10941
12817
16009
17387
18437
18547
19000
18618
19311
19101
19565
19768
21050
20251
20624
21457
21343
21957
22400
22253
23040
23445
24148
23802
24650
25296
25784
25681
25934
27845
27281
27757
27997
28447
28348
30581
29209
29800
30082
30255
30617
31335
31627
31583
32504
31798
32415
33607
33644
33428
34776
34931
34414
34908
35575
35512
35882
35795
36309
36489
36904
36575
37178
37716
37859
38270
38256
38343
38875
39253
39395
39708
40235
41406
40231
41128
41694
41605
42142
42135
42330
43093
42663
43247
43288
43855
46346
46277
46712
47166
47405
47587
47914
48023
48520
48683
49083
49284
49586
49929
10616
12082
14554
16763
17726
18927
18108
18760
19715
19857
19609
18726
19875
19725
19736
20481
21245
20651
22362
21700
22355
22786
22965
23824
23292
24055
24089
24082
24629
25210
25188
26021
25759
26994
27176
27010
27332
27423
27714
27364
28260
29135
29288
28700
30292
29747
30703
30745
30494
31134
32162
32214
32547
32954
32053
33557
32695
34096
33386
34925
33971
34238
34088
34924
34101
35487
35802
35036
35140
35324
36351
36084
36742
37575
37625
38429
38021
38902
39120
38072
39323
38672
40402
39190
39587
40356
40595
41226
41091
41376
41204
41420
42155
42564
42630
43200
43523
43119
43957
43814
9816
13596
14811
18330
20457
22202
22603
23020
22758
23718
22044
24342
22811
22568
23943
24985
23783
25750
24367
26473
25402
27513
26796
27111
27496
27811
29447
29652
30652
30903
30403
30724
31008
31748
31909
32548
31359
32661
34153
34190
33995
35206
34587
35835
35805
34869
35294
36418
37475
37465
38591
38420
37280
37659
38670
40234
39660
40851
40347
40871
40543
42202
42311
43230
43554
43990
43441
43910
43358
45559
45471
46437
46026
45012
45691
45739
48006
48192
48632
49070
48466
49787
49517
49402
50401
50998
51858
52220
51917
52443
52575
52794
54412
54883
54368
54944
55961
56464
55973
56489
6675
9455
12059
14711
17205
19560
22092
22360
21718
23121
23480
24109
24071
24792
24965
25539
25999
26076
26763
28115
27258
28375
27517
26845
29848
30238
29698
30294
31235
30899
31723
32014
33277
33112
33975
34601
35068
35396
36342
36087
37108
36604
37181
37468
37415
38717
38382
39064
39088
39922
39870
40797
40591
41167
41621
42349
42780
42853
43164
43738
43902
44136
44640
44913
45680
44674
45942
45541
46159
47534
47123
48096
48783
49262
50050
50300
51148
50052
50076
51216
51445
52291
52888
53891
52802
53213
54514
53673
53964
54442
55912
55402
55569
56931
56106
56963
57053
57536
57907
58338
9523
11168
14473
16927
19988
21835
21761
21178
21805
22750
23031
22974
23418
23493
24252
24124
24914
26265
25615
26718
26456
27469
26650
27515
28149
28238
28242
29065
28511
29859
30441
30676
31623
31635
30787
31566
31349
32990
33575
33944
34818
35091
35305
34563
35159
35965
37045
36768
37973
38386
39089
39418
39365
39892
39169
39819
39844
40410
41209
40959
41704
41947
42997
43068
43867
44196
44325
43936
44854
44828
45492
45622
46507
46698
46623
48074
48172
47692
48288
49148
49545
50360
50330
50482
51094
51874
52024
52554
53046
53655
53797
53926
53789
55086
55483
55197
56004
55813
56621
56617
9006
11275
13676
15974
18671
19977
19952
19783
21467
20573
20876
21130
21347
20902
23300
21584
21542
23369
22671
24042
24209
24407
24879
24954
26215
26132
26850
25885
25874
26792
27364
28256
27878
28488
27987
28777
30500
30160
31908
30000
31585
31729
31964
31109
32456
32755
32697
33548
33016
33546
34123
34219
34704
35336
35807
35533
36362
35749
37015
36327
37015
37114
38195
37872
38040
38799
39400
38966
39973
39217
39767
39720
40479
40988
41313
41732
41907
42552
43398
42404
42819
42912
44768
44541
45192
45253
45193
45249
45307
45656
46160
46084
47157
46640
47134
47603
47892
48196
49058
49550
12551
14847
16722
19431
19984
21060
20832
20484
21157
20966
22035
22552
22456
22471
21721
23434
23374
24050
24702
24439
24640
25369
26875
26042
27203
26809
26713
26421
28535
27927
28361
29032
28299
29286
29711
30239
29519
31971
30600
31197
32780
31919
32846
33065
32645
32677
34001
33945
33950
34521
34096
35074
35462
35915
36002
36096
36726
36930
36777
38367
38013
38045
38800
39491
39404
39601
40007
40383
39778
40752
41553
41284
41433
41942
42719
42008
42573
43252
43184
43669
44038
44489
44798
45765
45425
46379
45679
46509
46255
46607
47248
47430
47473
48357
48170
48678
48814
49279
49396
49695
2489
3014
3054
4584
7232
8975
10703
12653
14705
17376
18472
18641
18947
18978
19282
19843
20438
20212
21302
20992
22048
21990
22204
22225
22658
23430
23730
23891
23986
24800
25164
25448
25685
25670
26274
26613
26790
27502
27801
27832
28334
28537
28799
29167
29270
29483
30296
30458
30870
30544
31495
31470
31926
31775
32732
32830
33061
33353
34063
34318
34836
34905
34928
35747
35784
35782
36425
37039
36975
37006
37757
38315
38224
38998
38762
39556
38930
39900
39770
40268
40457
40753
41531
41041
42194
41745
42671
42532
42470
43013
43135
44359
44648
44282
44455
44608
45150
45423
45167
45773
3603
5444
7437
10118
11515
14552
15803
17364
16115
19573
18592
20258
17860
20919
20906
21717
20931
18588
22656
21055
23599
23813
23497
24527
22464
21503
24940
22964
22342
26196
26240
26648
26295
27120
24340
27872
24445
28512
23503
29356
27724
30011
29764
26689
31065
160070
163107
160673
164025
161317
156579
162336
160566
164454
164627
159354
164116
164072
164386
164893
165258
163474
165951
165535
164587
167268
164866
165799
166124
168630
166355
166645
164732
167584
167987
168475
168949
168945
167373
167755
168243
168768
171590
171519
172027
172519
170310
170827
171332
171725
171252
172018
172450
172349
173368
173587
173408
173624
174339
174069
10831
14205
16498
19000
22065
20021
20998
20546
20554
21322
22305
21766
23423
22519
22738
22878
25061
23880
24267
26422
24914
24047
26144
26292
26108
25612
25884
25049
27980
27528
27679
28206
28331
27439
29166
29671
29202
28539
29079
32710
29771
32840
31755
31727
33923
33018
32084
32069
32705
34078
33813
34575
34140
34070
33977
36405
34793
35261
35539
35456
35277
36968
35396
36482
37238
36498
37950
38098
38204
38441
38405
37839
38726
40602
39991
38691
39832
39666
41112
40789
39936
40263
40551
40927
40947
41759
41416
41832
42072
42036
42438
42939
43011
43474
43724
43899
43909
44429
44514
44738
9118
10788
12509
15370
17001
17711
17761
18149
16842
18964
17962
18520
18590
19053
18144
19804
19024
20518
20230
21306
21106
22376
21432
22409
22608
23135
22080
24866
23970
22981
24209
25034
25292
25223
25233
25239
26786
26445
26266
27988
27926
27343
28077
28203
27396
29106
29469
29320
28867
29631
30937
29605
30267
29992
31803
31892
31525
31100
32521
33489
32129
32949
33450
33852
33716
35131
34269
34017
35577
34836
36055
35124
36367
35149
37533
36976
36345
38477
37955
36738
38587
39753
39002
37511
39875
38796
38945
38779
39717
39287
40378
39848
40269
41223
40828
41045
42681
41644
42519
42221
11486
13510
15852
18494
19083
19548
19764
19774
19783
20068
20559
21435
20907
21499
20868
24160
24071
24961
24501
24933
27374
26610
26793
26515
26702
26997
27382
27579
28996
29258
29955
29361
29817
30039
30668
30319
30565
31360
32290
32059
32021
32642
32170
31937
32834
33899
33991
33555
34945
34939
35721
35081
35642
34713
36746
36483
36766
37309
37241
38181
38600
38079
38858
38203
38390
39637
38859
39982
38587
40600
39913
39407
40378
41416
42262
42405
41202
43129
43731
42456
42017
43171
44573
43794
44907
43316
43968
44236
44645
45011
45241
45448
45918
46018
46279
46317
46792
46546
46744
47185
9404
11241
12806
15180
16974
17721
18011
18102
18078
18145
19575
18541
19293
20556
19466
19154
19613
20600
20872
21004
20246
21053
22531
22159
21943
22931
22812
23183
23589
24770
24769
24765
25074
25648
25313
24962
25345
26888
26861
27483
27812
27294
27576
27955
27772
29076
28092
29894
29673
30037
30475
30745
31025
31116
31462
31153
31759
31934
31478
32915
32751
32710
33281
32879
33739
33639
34014
34051
34142
35759
34963
34958
35596
36087
36603
35930
37129
37426
36579
37831
37383
37748
37970
38149
38678
38807
38767
39382
39855
39644
40168
41778
41048
41512
41927
41607
41672
41349
42577
43415
5878
7997
9741
11858
14495
16319
17383
17415
17575
17646
18402
18391
18300
18741
19453
19690
20374
21703
20192
20618
21208
20750
20301
22917
22178
22490
22929
23277
22831
23092
24276
24714
24640
25493
25794
24894
26084
27308
26785
27545
26183
26736
28262
28083
28003
27657
27874
29685
29926
30600
29769
30010
29664
30125
31402
30461
31421
32155
31342
31981
33007
34065
33465
33507
34021
34605
34663
35548
34839
35261
35291
36168
36550
36480
36724
36785
37649
37773
37549
38307
38817
38675
39479
39871
39832
40000
41494
40386
40717
41127
41630
41894
42299
42585
42998
43289
43714
43910
44291
44403
9111
11736
13317
15235
17900
19138
19524
19023
20245
19662
19924
20381
21064
21105
21473
21446
21578
22033
23371
22418
23038
23621
23518
23619
24141
25341
25143
25433
26023
25127
25795
25464
27254
27242
27637
27732
27102
28499
28017
29654
30266
30308
30445
30455
31336
31325
32263
31679
32446
32323
32810
32348
33721
33588
34106
34470
34617
35074
35314
35084
35555
36027
35862
36344
37028
36786
37104
37122
38246
38559
38867
38757
38986
39279
39594
40672
40870
41188
41472
41920
41977
42379
43247
42555
42831
43351
43805
43924
43910
44245
44501
45019
45968
45546
45824
46300
46851
47291
47647
47743
10816
12623
14953
16872
18742
18564
19267
19034
19450
19058
19528
19102
20519
19905
22237
20501
22092
21955
21728
22874
22950
22614
23546
23112
24106
24789
25413
25169
25145
25962
26316
25871
28118
26603
28104
27299
27427
28690
28574
28856
29497
29722
30583
30848
30765
31201
31631
32010
32173
32283
32449
33046
33285
33783
33787
34351
34601
34516
35136
36043
35739
36240
37026
37194
37377
37255
37507
38405
38823
38309
38629
38932
39033
40642
40108
40349
40807
41822
40992
41338
42131
42115
42251
43656
42793
43044
43789
44161
44464
44597
44822
44924
46291
45527
45799
46266
46277
46606
46691
46942
11054
12482
15248
17785
19552
18566
19590
17729
19575
20186
20160
20615
20019
20592
20527
22132
22070
22421
22872
21740
21895
25079
24601
23370
24680
23770
24164
24698
25691
25055
26861
26771
27218
26489
26852
27186
27846
28811
28199
28654
28943
28816
30069
29815
30399
30592
30119
29652
31870
30049
32505
31838
33096
33048
33450
33698
33890
34118
34590
34785
35043
33748
35839
36070
34622
36773
35734
35707
35947
36133
36251
36419
36595
37206
38266
38977
38146
38503
38443
39278
40493
39256
39851
40260
40090
40428
41870
41768
40834
41549
42614
43881
42128
43963
43980
43811
43869
44240
45048
44765
3627
3849
5929
6045
7649
9674
9707
9376
10557
11089
9533
10138
11756
12276
15408
16869
16141
13253
16443
17321
20268
22003
22369
21721
23787
22357
24438
24705
24533
25633
25648
26907
26481
24127
27213
28760
28644
28789
28471
26585
29877
30330
30498
31398
31812
31110
28968
32359
33151
31839
34117
32394
33893
33982
34281
35075
33993
36272
36736
35179
35231
37077
35956
34607
34966
38176
36269
38040
39265
39308
39981
39304
40455
41066
41098
41080
39337
42243
42989
42951
40260
44628
42391
45563
45695
46118
45806
46661
44012
44556
44817
45081
47819
45876
45981
50903
46594
47200
47437
47836
3518
3969
4605
4589
4707
5648
6842
9327
10836
16881
18986
18785
20242
23583
20807
20524
22092
21124
21725
23234
22948
22581
22704
25282
24682
24568
26130
26220
25225
26684
27111
26891
27093
26411
28234
29996
29993
29990
29704
29409
29941
31219
32342
31524
30592
30894
31252
32851
32916
34553
34280
32941
32831
35103
35334
35187
36348
35207
36090
37514
36595
36532
37538
38313
40101
38438
38514
39694
41129
40232
42150
39491
40997
41349
43637
41876
42522
43543
44288
43969
44531
43470
45190
43369
45477
44409
45868
45444
45634
46060
46705
47732
47039
48183
48445
48356
47871
48713
48969
49484
9943
11538
13201
15846
17876
17665
18120
18051
18115
18122
18420
18665
18937
19795
19608
19934
19677
20610
20966
20953
21586
21259
21714
22159
22314
24038
23304
23353
23597
23877
23926
25484
25072
25044
25015
25819
26075
26192
26697
26916
27472
27750
27140
27827
28614
28777
29020
29215
29479
29870
30145
30467
29341
30828
29881
31446
31320
32123
31403
32210
32292
32234
33474
33019
34229
33022
34307
34002
34972
33705
35233
34918
35203
35641
50734
59424
59630
60068
61729
61910
61886
61600
61875
61899
63780
63669
64416
64063
64482
65128
65654
65634
66393
65184
66418
67179
65760
66277
66730
67529
3749
9060
10455
11238
14524
21127
20486
21281
20350
19549
19088
20961
22029
21871
22187
21971
23636
22966
22729
23146
23706
24477
25032
24848
25511
25871
25467
27141
26827
27604
27951
28341
23854
27874
28527
28520
29471
29443
29157
32696
30428
30904
31883
32160
31830
32171
29618
32022
33555
32473
33878
34526
34102
35764
36271
35914
35685
36408
37180
36794
37830
37490
39008
39003
39478
38055
39881
38483
39495
39885
39409
39958
40170
41218
42269
40924
41965
41431
43160
43627
42412
42670
43386
45516
44916
44121
45253
45966
45667
46914
46106
47668
47748
48425
47216
47698
48604
47919
48399
48591
10370
12346
14081
16333
18565
19230
19254
18630
20106
18978
20094
19514
20335
20409
21319
20739
21487
20964
23396
22967
22904
23632
23154
24267
24821
24889
24651
25057
24369
26787
26874
27110
27217
27688
27319
27693
27781
30045
29744
30034
30215
30356
30894
29681
31420
31608
31895
32729
31472
33391
33538
33482
33904
34257
33661
34998
34189
35228
35308
35750
36250
35489
37017
36607
37929
36824
37344
37053
37823
38304
38033
38527
38817
39973
39958
39803
39727
40591
41030
40403
41436
40916
41426
41781
42163
42283
42224
42847
43063
43938
44114
43697
43839
44495
44616
44909
45541
45838
45817
46137
5087
7712
9326
11685
14181
15995
18174
18095
18612
18464
18768
19781
18827
19225
20635
20613
20312
21769
21661
22762
22344
22613
23463
22378
23830
24489
24699
25221
24949
26008
27352
26372
26802
27185
26791
26478
28362
27847
28904
29383
30196
29628
29871
29738
29733
30530
31561
31841
32275
32337
32779
33301
32597
33772
33983
33664
34638
34908
35247
35577
35273
36177
35607
36300
36424
37044
37871
37171
37636
37924
38554
38514
38636
39981
39630
40563
40631
41565
41921
41353
42247
42126
42535
42933
43408
43008
44250
43545
44790
45284
44694
45202
45619
45339
45954
46162
47194
47085
47159
47449
9715
11570
14373
16637
17938
18650
18630
17892
18300
17901
18783
18625
19074
19156
20057
20326
20881
20647
20894
21896
22653
22489
23812
23372
23294
23937
24164
25340
25814
26911
25922
25792
26698
27188
26761
27951
27823
28079
28669
28402
29712
30088
29341
30069
31083
31334
31821
31668
32160
32929
32551
33239
32911
33550
33979
33752
34158
34350
35191
35985
35767
35781
37199
36250
37885
36664
37415
37813
37644
38812
39970
39027
39483
39558
40826
41893
40819
42080
41453
41487
41841
42109
43638
43030
43298
43587
43872
43902
44468
44900
45162
45507
45710
46145
46037
46916
46686
47021
47121
47572
10309
12108
13932
16493
18500
19557
20279
19572
19853
20208
21647
21690
21192
21605
22142
22404
22417
23050
23725
23166
23649
23886
24350
24669
24906
25471
26721
26500
26122
27017
27034
26939
27692
28572
28429
29783
28333
28993
29376
28716
29664
30475
30609
31667
30169
31802
31776
31635
31739
33035
32815
33578
33281
33613
33957
33931
34277
34461
35295
34696
34592
35185
35570
35719
36096
36510
36538
37095
37140
36966
37519
37618
38541
38605
38961
39363
39431
39519
39958
40213
39957
40407
41769
41568
41458
41409
42267
42016
42077
42446
42282
43174
43397
44046
44098
44059
44207
44441
45112
44928
6840
8124
9423
11865
13197
15906
17832
19243
19195
19185
19198
20096
20441
21096
22006
20477
21622
21872
22847
21923
23720
23740
22890
24983
24725
25191
25117
25908
26689
26712
26922
27302
27586
26963
28302
28799
29484
29416
29927
30567
30728
30343
32051
31661
32330
32517
33384
33093
33715
34092
33407
34755
34378
35696
35393
36217
36819
36507
36741
37794
36636
37799
38630
39310
39621
38526
39239
39881
39151
40592
40520
40738
40794
41089
41978
41768
42598
42557
42487
42594
43303
43311
45286
43996
44378
45175
46507
45737
46025
46815
47157
46816
47558
47713
47543
48356
48685
48884
48671
49607
9718
11840
13859
15567
18050
18138
17930
17938
18830
18285
18799
19119
19149
160929
160998
161401
161520
161600
162214
163391
161605
163486
163475
163706
164943
164743
165216
165392
166065
165892
165433
167246
166285
166416
166591
168362
168003
168404
168328
169194
169742
169721
169448
170389
170660
171175
170992
172054
171930
172237
172362
173292
173157
173705
172885
174054
173967
174265
174056
175881
174965
176420
177083
175705
176899
177569
176665
178209
178064
178808
178600
178423
178975
178692
179641
180154
181474
180494
181416
181454
181274
181779
181744
182368
183392
183652
183553
184043
184587
184625
185011
185016
185305
185828
186568
186558
186782
187257
187204
187748
12059
14020
16511
18287
19316
19421
19602
19931
20494
21292
21190
21822
21746
22433
22749
22533
23054
23808
23773
24276
24441
25192
25064
24705
26138
27408
27780
28506
27358
27508
27426
28170
29266
29753
30309
30042
28395
29741
31143
31403
31865
32789
32282
30773
33319
32673
33797
34176
33479
34975
34598
35144
35507
36213
36485
36720
37263
37484
37640
38199
37594
36774
38017
37286
39190
38242
38331
39670
39177
39476
39726
40022
40175
40521
42640
42214
42478
41860
42116
42142
42349
42865
45412
44989
44254
44465
44920
45207
45082
45485
45641
48131
46545
47073
46835
47414
47518
47610
47947
48611
9993
11880
14575
16796
18255
18647
19058
19139
20137
19758
20094
20848
21174
20212
21538
21269
22823
22188
22119
24422
22774
23270
24520
23916
24823
24693
27061
26599
26832
27499
26450
26817
27372
28955
27427
27894
28679
28482
29849
29734
30855
31524
30861
30623
31330
32321
32674
32024
32671
32436
34608
33793
34810
34819
35331
35562
35241
35726
37233
36397
36604
37247
37089
38099
39121
38615
38994
38951
39756
39559
40078
40280
40872
41227
41698
41393
41719
42662
42263
43012
42827
43347
45005
44250
44863
45078
44740
45061
46029
45715
45875
46429
46594
46780
47667
47722
46886
47816
48137
48025
9522
11116
12707
15537
17326
18168
18616
18660
18996
18575
20373
19430
19751
20151
21420
20662
21441
21697
21929
22104
22553
22925
22971
23852
24214
24362
24392
25432
24464
25889
25499
26578
26859
26841
27107
27416
25783
28389
28669
28320
28340
29539
29821
30136
30878
29825
31298
30942
29683
32325
30003
32092
33830
33659
33610
32022
31711
32669
33083
35101
34752
33867
34423
35982
36254
35383
35288
35330
36249
37660
36791
37144
37470
39181
37654
38111
38758
38867
39299
39053
41070
39693
41700
40447
42177
41379
41491
41501
43472
42712
43128
42752
43761
45058
44111
45567
45965
44690
46326
45675
7633
9721
11089
13960
16387
19287
20076
20400
21028
20627
20780
21166
20941
20353
21718
21670
21438
23412
24230
24059
22960
22689
25775
24849
26285
24844
25105
26449
28247
27784
28243
27846
28268
27397
27868
29157
30108
30917
30141
30847
31396
30356
32294
31865
31924
32343
32961
33944
32536
32523
34201
34411
35547
35784
35653
35667
35140
36082
35388
37850
37429
36743
38219
37769
39574
38124
38692
38453
39010
39145
41299
40846
42061
41803
40931
40983
43276
41829
42022
42755
43080
43123
43777
43916
44369
44642
44977
45381
45384
45629
45905
46304
46513
47134
47467
47836
48455
48365
48656
48919
6093
7751
10567
12402
14033
15720
17355
17953
19470
19865
19527
19781
20193
20266
20591
21019
21143
22692
22273
22212
22850
22545
23651
23751
24273
23849
24866
24545
25432
25544
26048
25149
26043
26662
27427
27198
27703
27922
27180
28219
30303
29080
29659
30023
29639
30091
30698
31300
30451
33668
31211
34454
34114
34799
35141
35420
36025
36066
36412
36346
36531
36848
36860
37428
37843
37707
38410
38205
38980
38771
39302
39667
39534
39093
40724
40798
41231
41543
41935
42048
42276
41835
43198
43656
40856
43950
43907
44490
45057
44368
44635
43902
46620
45844
46567
46291
46123
47039
47147
47061
10486
12295
14639
16636
17809
18015
18367
17598
18884
18580
19782
19100
19922
19764
20528
20271
21392
21009
22150
21247
22218
22589
22011
23826
23604
23798
24270
24343
24700
24586
25598
25817
26261
26335
27036
26655
27126
27054
28281
28397
28450
28505
29377
29185
29474
29161
30699
30559
31045
31251
31257
31528
31843
32047
32936
33391
33390
33248
33564
34157
34150
34380
34833
34935
34992
35779
35596
36179
36610
36947
37407
36837
37469
37364
38114
38677
38553
39166
38955
39332
39452
39755
40174
41050
41380
41016
41145
41223
41752
42012
42148
42865
42681
42902
43747
43409
43718
44192
44446
44546
10639
12177
14771
16363
17354
17216
17750
17410
17790
18710
17901
18548
18606
18924
20641
20311
20271
20768
20723
20805
21642
21884
21921
22731
22644
23230
23230
23799
24244
24450
24469
25125
25030
25195
25872
25696
25925
26957
27043
27379
27804
27683
27822
28148
28778
28227
29413
30215
30108
30039
30562
30892
31122
31404
32247
31783
32250
31741
32914
33019
33275
33498
33370
34509
33989
34550
34440
35183
35427
35598
35812
36106
36224
36910
36691
37019
37342
37232
37951
37857
38496
38445
38792
39947
39752
39995
40120
40353
40734
41336
41782
42192
42300
42501
42518
43181
43073
43186
44106
43885
