8599
10430
12621
15081
17591
19314
20619
21132
21961
22514
22038
22230
23356
23130
24041
23906
24541
24937
25475
26154
26251
26861
27070
27437
27810
28160
28421
28811
28020
29827
30135
30619
31472
31056
32005
32098
33138
33451
34073
34353
34048
34902
35761
36153
36458
37140
37313
37812
37963
37980
38507
39026
39684
40048
39887
40915
40662
41050
42153
42652
42382
43208
42604
44272
44182
44273
44504
45117
45759
45855
46675
46240
47249
47481
47392
48053
48581
48518
49029
49713
49243
50185
50572
50502
51145
50677
51902
51712
51633
51957
52558
53159
53537
53900
53956
54484
54705
55446
55726
55982
11111
13593
16280
19661
21342
22818
24076
23873
24356
25321
24305
25359
25718
25857
26482
26290
26801
27155
28407
28601
29136
29328
29270
29750
29818
30260
30822
31453
31981
33546
33420
34239
34493
35158
35415
35663
37216
36907
37642
37722
37989
38369
38740
39122
39231
39950
39110
40542
40814
41380
42130
42172
42550
43321
43355
43919
44399
44457
44897
45464
46206
46706
46554
46821
47282
48080
47652
48468
48797
49212
49994
50159
50961
50820
51714
51402
52212
52532
52318
52687
53674
53267
53790
54324
54320
54896
55766
55627
56074
56126
56424
56821
58139
57438
57989
58454
58827
59117
59295
60263
10649
13155
15745
18773
21048
21863
23451
22558
23174
23432
23675
23926
24475
24984
25006
25004
25783
26256
26676
27088
27522
27879
28046
28487
28822
29422
29552
30143
30554
31071
30947
31726
31933
32374
32608
33026
33522
33905
34103
34240
35303
35391
35499
36404
36119
37107
37379
37192
37644
38127
38621
38870
38611
39690
40120
40475
40896
41329
40365
41817
41415
41959
42131
42379
42502
43172
43606
43717
44770
44295
44708
45163
45181
45947
46522
46460
47282
47151
46912
48158
47628
48089
48446
49253
48945
49214
49914
50440
50253
51223
51013
51401
51541
51766
52280
52855
52713
53092
53301
53681
8050
9422
11437
13870
16504
18794
19676
20469
20584
20954
20907
20867
21120
21475
21664
21944
22851
22979
23205
23592
23462
24104
24320
24908
25331
25348
25844
26257
26582
26584
26847
26970
27071
27973
28354
28253
28070
29750
30005
29888
30293
30770
31232
30437
31944
31016
32034
32493
33001
32958
32984
33654
33400
34153
35200
35480
35355
35818
36442
36557
36094
36395
37611
37305
37776
37580
39062
38421
39561
39505
39839
40174
40309
40475
41465
41668
42073
42154
41817
42522
42558
43113
42978
44182
43965
44144
44774
44602
45933
45443
46444
45825
46573
46232
47195
46905
48031
47582
48395
48630
8955
11172
13100
14819
17204
18213
18297
18491
18664
19032
18772
19253
19476
20086
20098
20577
21115
21066
21310
22052
22044
22381
22600
22918
23270
23565
23862
23895
24038
24534
24672
25046
25178
25669
26108
26432
26561
26767
27094
27600
27904
28067
28409
28463
29068
28969
29440
30182
30240
30351
30712
30838
31569
31706
32036
32300
32678
32600
33154
32663
33125
34040
33826
33967
34302
34557
35238
35669
35862
35946
36486
36490
37205
36897
37059
37397
37987
38015
38160
38674
38627
39253
39824
39794
40079
40725
40726
40987
40692
41308
41764
41856
42493
42308
42345
43296
43125
43202
43814
44367
5795
9029
10589
12630
14109
15951
18303
18161
18503
20166
18921
19292
19787
19825
20188
20699
20015
19561
21355
21282
20763
21652
22140
22688
23209
21590
23958
22684
24340
24010
23983
24850
25977
25892
24206
26587
26877
27265
25968
27065
26061
27915
28828
29094
27293
28438
29746
30483
30151
30616
29266
29685
30659
32003
30882
32224
31425
31453
33184
33572
32690
33446
32630
33068
35319
35592
35893
35382
36451
36352
35872
36586
36649
35848
37204
37301
37843
38115
38326
37586
38769
39048
40086
40725
40288
39331
40507
41392
40714
41054
41467
40956
41186
41986
42866
41820
43830
43244
43924
44348
6489
8482
9261
11380
13764
16038
17100
16792
18369
18722
18910
15005
18580
19099
18153
19604
19575
20047
20671
20563
21383
21590
21863
21582
22131
22045
21131
22757
23278
24022
23801
24109
24414
24353
25108
25002
24975
26465
26247
26086
26855
26582
26560
28479
27944
28565
27488
28036
28770
28725
28945
29945
29699
31556
30454
31439
30992
31599
32005
32982
32271
34033
32707
33956
33944
34347
33909
35180
35541
35216
35640
35662
37674
36523
37862
38260
38582
37446
37816
39433
38267
38876
40452
40860
40933
39980
41579
41242
39582
40218
40569
40616
40764
40659
40944
41338
41684
42205
42317
42709
11352
13305
15047
17757
18838
19119
19297
19809
19838
20309
20147
20631
20999
21503
21509
20872
21593
21887
21718
22193
22634
22790
23141
23416
23658
24797
24826
25616
24952
25567
25949
26020
26592
26854
27588
27533
28200
28811
28732
29307
28407
29463
30253
30573
30153
31183
31171
31106
31971
32592
32396
33180
33380
33155
33936
34387
34677
34916
35508
35632
35000
35969
35892
36102
37065
36978
36972
37387
37606
37874
38065
38351
38795
39096
39238
39505
39905
40413
40170
40840
41313
41013
41334
41842
41787
42162
42848
42987
43004
43604
43625
44215
44810
45057
45360
45692
45952
46650
46660
46670
8435
22591
21454
22715
11061
22254
22315
22443
14932
21604
22759
23002
13180
10125
16419
24524
19116
18246
18557
17811
18684
18586
23786
23132
23084
22602
25433
25952
26880
26909
27553
27981
28469
28698
29332
29623
30144
30417
30532
30897
31298
31856
32159
32818
32887
33552
34540
34489
34986
35519
35367
36225
36315
36434
37295
37499
38213
38166
38339
38709
39086
39700
39836
40262
40810
40379
41552
42065
42064
42307
42723
43424
43912
43836
44557
44712
44950
45126
45721
46407
46856
46694
46717
47224
48019
48422
48534
48722
48875
49229
49310
49816
49823
50105
50489
51115
51063
51689
51930
52176
11463
13658
15875
18603
19257
19550
19674
19842
19899
20225
19885
20393
20369
20762
21006
21793
21672
22781
22690
22594
23518
23575
23903
24961
25143
24964
25463
26220
26495
26572
26546
27453
27382
28636
28937
29030
29023
29675
30144
30142
29754
30302
31152
31104
32367
32757
32645
32440
32807
34067
33588
34508
34841
35209
35354
35476
35786
36209
36432
36727
37498
36739
37706
37783
37749
38599
38478
39002
38860
39633
39790
39644
40235
40266
41377
40759
41951
41604
42224
41647
43235
42802
42876
43345
44693
44039
44095
45256
44704
45414
45164
46380
45874
46122
46240
47300
47243
47211
47505
47626
10972
13144
14875
16958
18121
18764
19117
18987
19051
19164
19560
19255
20522
21223
21649
21845
21988
22266
22927
23263
23523
23684
23818
24318
24234
24853
24913
26074
25920
26557
26741
27244
27541
28167
27648
28457
28951
28733
29550
29547
29527
30492
28934
29267
30205
31343
31170
31861
31952
31482
33362
32948
33352
33186
34615
34055
35335
35349
34429
35823
36430
36653
35702
37238
36285
36603
38248
37324
39557
39781
39091
38808
39391
40256
41673
41067
42506
42109
42480
44069
42342
43891
42791
43841
44240
45719
44600
45892
45692
46613
48437
47604
47050
47253
48003
49455
49479
49635
50391
49473
10682
12299
15221
17595
19195
21078
21958
23617
23235
23798
22873
23641
23549
23682
24236
24413
24601
25147
25699
25868
26012
26650
27064
27094
27751
27783
28400
28826
29291
29612
28706
30417
31109
31604
30539
31429
32119
32621
32666
33239
32371
32763
33205
33600
34372
34340
34945
35036
35616
36061
36476
36104
36946
37317
37176
37371
38404
36727
39165
37106
37693
39962
39417
40242
40134
40080
40481
39603
41912
41800
41618
42540
42936
43615
42846
43352
43515
44463
44333
44604
45070
45137
44894
45078
44258
44655
45826
46034
46490
46211
45821
46032
46550
47591
47950
48137
48832
47665
48044
49319
10125
11990
14375
15971
17583
17819
19057
18539
18913
19545
18982
19652
20207
20214
20540
20851
21540
21639
22038
22259
22825
23111
23376
23550
24182
24201
24340
24395
24858
24954
25524
25871
25853
26295
26624
26751
27034
27105
27622
27692
27944
27770
28478
28328
28848
29456
29693
29900
30457
30411
30825
30923
31465
31543
32164
32151
31521
32199
32255
33276
32627
33185
33585
33468
34312
34421
35211
34595
35406
35578
35780
37037
36663
36875
37808
37376
37159
38155
38432
38676
38305
38686
38940
39603
39680
39929
40371
40253
40642
40909
41578
42514
42096
42003
42389
42998
42976
42956
43216
43582
81067
83147
86040
87558
88818
89284
89800
90635
90461
91037
90039
90608
90997
91805
91978
92274
92387
93012
93280
93575
93846
94064
94711
94358
95249
95586
95422
96301
96713
97445
96735
96935
97613
97534
98087
98335
98903
98974
99229
99358
99910
99646
100982
100574
100742
101508
101959
101993
102123
102423
102745
103137
103329
103715
104360
104222
104784
105151
105105
105678
105827
106431
106163
107605
107203
107277
107698
107835
108716
108454
108730
109018
109479
109763
110084
110106
110778
110776
111226
111518
111737
112026
112282
112461
112310
112666
113311
113422
113553
114185
114189
114524
115240
115260
115942
116272
116366
116716
116959
117178
4839
41106
41171
21159
24982
28067
31946
37443
41431
22428
23288
20068
12076
33722
31441
22126
36154
40748
25250
25589
27248
40049
35741
21076
23891
33450
21346
29853
21909
37925
29510
19550
37161
19818
46993
37989
40037
28105
34509
29213
29036
27709
23397
23799
35317
37567
20121
30667
25974
36101
19371
27402
26886
35203
39084
10603
39869
33231
36680
38163
34359
21330
18912
30976
24408
39695
27254
50556
46190
27427
22212
29395
32908
32580
47810
13944
39048
49535
31378
37031
35000
17859
20891
29776
31109
40734
29998
38502
38449
33019
32141
19712
46362
23044
33865
16271
42218
30829
38874
29674
4457
4967
5809
6691
9386
10547
14859
16706
16983
21374
21525
20392
23278
20811
21310
23043
23467
23582
23985
23610
24656
25320
25025
25416
25219
25662
26207
26844
26684
27227
27339
28186
27828
28458
28998
29599
29380
30105
30256
30632
31165
31376
32222
32227
32576
33062
31674
34075
34462
35360
34745
34609
35587
35273
35732
36102
36498
36170
37257
36407
37637
38073
38404
38954
40038
39129
39351
38620
37313
37545
39575
38126
40081
40284
39072
41087
40563
39968
41741
40481
46123
46706
48361
49710
48910
47689
48843
48374
48465
49609
49226
49602
52457
49992
50297
51991
50787
51200
51508
52590
7238
9808
11569
14749
17460
19363
21307
21729
22346
22329
21873
23001
22809
23423
23443
23758
24355
24810
25354
25571
26093
25980
26550
26450
27156
27781
28508
27704
28239
28094
28960
28751
30478
31282
30444
31383
31741
33071
33215
32574
34020
34618
34231
33933
34919
35305
36291
37137
37096
36367
36828
38138
38873
38725
39029
38698
40631
39476
41543
40691
40982
42119
41899
42694
43641
43730
43313
43958
44069
44235
45102
45493
46478
46164
46628
47445
47789
47696
48417
47819
48300
50292
50246
50439
50948
51412
52129
51248
52434
52109
53512
52706
53898
53473
53575
54658
55398
55569
55821
56453
6866
8967
10810
13058
14978
17621
20316
21126
21478
21204
21653
21760
22257
22739
23350
24017
24633
25068
25415
25813
26621
26583
27254
27576
28444
29267
29315
29236
29313
29470
30839
31200
30958
32213
32870
32873
33484
34556
34840
35511
35366
36081
36091
37041
37805
38067
38909
38836
39284
40287
39847
40861
41284
41222
42508
42074
42729
43982
43589
44645
44365
45492
45511
45388
45612
46079
46594
48145
47676
48358
48504
49117
49489
49387
50075
50689
50766
50785
51255
51630
52303
53160
52574
52912
53585
54006
54305
54577
54599
55091
55341
55727
55952
56856
57502
57913
57557
58080
58328
59187
8257
10158
12107
14456
15894
17970
19839
20244
19854
21135
18599
20687
19487
19665
19848
22998
21591
21879
21510
22319
22508
24276
23186
25237
24143
25667
24537
26181
25093
25987
26777
26165
26480
26418
26800
29313
27626
29214
29822
30229
29272
29704
29368
29917
31438
30689
32138
31288
31617
33462
32212
33698
32619
33320
34476
35630
34296
33738
35485
35842
34960
35522
37533
35646
35557
37406
37827
38222
36936
38659
39351
39353
39298
39627
39563
40370
40271
40953
40989
40966
40751
41632
41949
42164
42602
43010
42750
43365
44090
43968
44059
44312
44900
45191
45590
45911
46159
45982
46583
46808
4042
7203
9418
11274
12854
16148
17231
18853
18136
18650
17561
15008
18850
19269
19500
19603
19762
20459
21108
21586
21640
21952
22213
22341
23057
23516
23175
23975
23875
24102
24589
25239
25468
24345
25253
25851
25984
26649
26562
27223
27208
27609
27802
28499
28756
28188
28884
29288
29669
29770
29796
30263
30455
30814
30892
31067
31509
30894
30818
32459
32583
32714
32216
32854
32778
32954
33350
34456
33863
34419
35437
34800
34843
35272
35571
37171
36254
36488
38022
36802
37139
37046
37598
37764
37715
37909
38121
38421
38693
38792
39089
39071
39441
39004
39747
39581
39938
40406
40664
40925
4686
8176
9250
11908
13527
16097
18144
18526
18839
19045
17732
17101
18042
18166
18687
19819
20185
19720
19846
20500
20929
20961
21280
23067
22159
22023
22605
23024
22909
23511
24690
24233
25954
24151
24470
25997
25550
26308
25909
26415
26394
26543
27068
27260
28971
27922
27954
29005
30109
29333
30704
30740
29873
30179
30286
30563
31130
31521
31479
33173
33482
32065
32416
33188
33408
34746
34990
34258
35590
36122
34809
36481
36702
37163
35969
37431
36282
37945
38351
38657
38807
38992
38864
39197
40004
39590
40140
40754
40748
40624
41602
41311
41787
42157
42623
43054
43271
44565
43908
44201
7527
10157
11921
14572
16694
17264
17133
17641
18482
18215
17898
18407
18771
19659
19038
19253
19901
20048
21001
20828
20909
21291
21157
21898
22845
22307
22858
23008
23582
24352
23956
23740
24670
24556
25659
26055
26002
25426
27027
26606
26643
26752
28229
28490
28117
29275
28611
29066
28948
30106
30233
29725
29964
31343
30818
31941
31242
31325
31216
33031
32139
33681
33001
32986
33241
33891
33460
33996
34969
34706
34812
35086
35325
35799
36038
36410
37112
35956
36148
36625
36780
36846
37230
37404
37820
38164
38200
38467
38570
38810
39305
39636
39818
40107
40168
40565
40885
41303
41244
41502
9529
12548
13866
16316
17374
17344
17607
17600
18010
18091
17970
18091
18352
18660
19041
19321
19860
20091
20853
20698
21522
21299
21811
22115
22268
22573
22969
23129
24053
23915
24782
24782
24853
25121
25155
25663
25730
26257
26495
27390
27143
27408
27692
27866
28187
28686
29512
29653
30008
29950
30552
30988
30002
29988
31060
30908
31266
31951
31619
32155
32538
32315
33047
33017
33285
34116
34314
34105
35007
34877
35450
35255
35878
35967
36026
36426
37223
37020
37116
37133
37722
38317
38506
38360
39428
39603
39287
40192
39668
40619
40955
40368
41187
40934
41682
41671
41724
42029
42372
42568
8782
10888
12008
13674
16043
17348
16659
17210
17336
17726
16783
17117
17649
18256
18801
18960
18945
19150
19699
19969
19818
20971
20611
21129
20834
21564
22396
21444
21827
22143
22574
22050
22018
22179
22577
24025
23237
23652
23926
24282
24540
24676
25815
27035
25659
25829
26826
27918
26832
26764
28267
27414
28924
28005
29471
30051
29940
30484
31370
31407
32182
32034
30351
30763
32681
32069
31682
33982
33634
33216
33979
35741
33621
35180
34178
36047
35794
34743
36572
36883
35666
35628
35876
38256
37277
38941
38894
38079
37494
37893
39579
40036
38756
38891
39073
39373
39591
39951
41553
40389
3831
7416
9319
10674
12844
15052
16989
16828
17643
18021
18103
16904
17302
18171
18406
19293
18721
19527
19874
19483
20052
21060
20155
21359
20745
21745
22485
22857
23368
23161
23797
24065
23373
23562
25203
25311
25432
25481
25768
26200
26565
26565
26204
27670
27230
27933
28154
27775
28552
28236
29065
28871
28857
30356
30168
31018
30120
31216
31092
31617
31384
31778
31838
31670
32570
33401
32716
32958
33616
33275
34442
59494
60044
60069
59598
59523
60698
59817
60696
59594
59637
60614
59577
59600
60703
60187
59746
60818
59775
60083
60939
60573
60649
60611
60900
60876
60658
60927
61083
60720
4473
16958
17256
19038
18126
17704
19125
21269
21635
22134
21206
20799
20800
21347
24343
22465
22781
23331
24386
25026
24730
24575
25909
27352
26350
26282
27078
27471
28220
28391
28447
28791
29254
30093
30433
30331
32819
32791
32473
32090
32715
33631
33548
33012
34089
35583
35361
36043
37213
37541
36862
38374
37971
37551
37633
39443
39848
39310
40352
40517
39711
41200
40447
41761
42207
42719
43337
42866
42819
43776
43548
44585
45562
45403
45087
44883
46510
46351
46775
47196
47801
47869
48236
48737
47820
47997
48556
49941
48611
48900
50106
50873
51398
51692
51980
52085
51601
51753
52312
51791
6013
8357
11287
12588
14791
17286
18685
19477
19740
20632
18716
19910
20113
20302
20875
21024
21615
21677
21978
22157
22778
23156
23560
23860
24309
24739
24690
25194
25854
25128
26133
25934
26071
26471
27061
26980
28132
28483
27944
28441
28756
29408
29322
29619
30208
30075
30442
31124
31156
32052
32292
32243
32491
32945
32519
33849
34230
34289
34195
34358
34657
34776
34667
36246
35895
36181
37859
36847
37053
37463
37591
38531
37630
38381
38643
38938
38854
39521
40067
39683
40224
40341
40509
41279
40958
42514
41701
41936
41981
42271
42943
42807
43222
43545
43723
44039
44202
44395
44677
44827
4648
9037
9919
11771
13505
16262
17673
18546
19068
19778
19552
20266
19638
19802
19498
20560
20621
21237
21445
21602
21482
22104
22386
22975
23156
23377
23454
23884
23984
24613
24960
25479
24993
25326
26035
26038
26440
26578
27367
27699
27905
27793
28060
28496
29153
29477
29718
30158
30464
30190
30849
30777
31729
31625
31783
31959
31742
32650
32766
32632
33155
33665
33539
33867
33996
34720
35158
34972
35223
35456
35623
35875
36061
36387
36805
37310
37336
37487
38021
38272
38177
38301
38768
38975
38579
38856
39725
39245
40077
40311
40651
40837
41101
41530
41677
41793
42246
42434
42002
43005
6464
8434
10026
11641
13502
15363
17224
17166
17007
17493
17391
17614
17963
18556
18598
18927
19274
19638
20072
20038
19999
20729
20638
21418
21772
21779
22278
22731
22876
23138
23506
23614
22381
23979
24313
24587
25092
25271
25609
26172
26255
26087
26824
26630
26421
27473
26855
27866
27652
27603
28562
28891
28678
29240
29470
29579
30513
30210
31042
30633
31167
30908
32205
32291
32029
32486
33499
32511
33197
34014
34001
33759
34272
35177
35457
35020
35489
36592
36623
36075
37077
36831
37504
37080
37332
38283
37899
38239
39023
38530
39594
39299
39257
40380
41114
39985
40396
40631
41958
41314
8330
10236
11927
14166
16335
16929
17065
17211
17394
17538
17438
18336
18310
18444
18551
18966
19208
19525
20099
20491
20773
20907
21321
21747
21842
22189
22321
22840
23573
23979
24144
24019
24204
24807
25334
25527
24215
25110
25277
25416
26440
26118
26276
26511
27517
27002
27323
27814
28274
28058
28795
28830
29797
29172
29549
29720
30879
30959
30068
30995
31704
31435
32219
31990
32903
32236
33500
32731
34246
34463
34647
34996
35313
34742
35042
35187
35083
35712
36808
36971
36301
37241
36823
37213
37459
38367
37942
38963
38315
39433
38953
38975
39201
40604
39853
40351
40255
40504
40869
41156
8610
9982
11735
13389
16014
17397
19453
19822
19527
20075
19499
19868
20138
20365
20653
21504
21273
21636
21942
22555
22561
22741
22919
23535
23877
23863
24253
25065
25177
25016
25478
25866
26249
26635
26533
27000
27033
27339
27857
28012
28305
28269
28811
28206
28472
29448
29024
30073
29690
30531
30561
31056
31080
31477
31254
32000
31865
32031
33020
32230
33446
33589
33740
34224
33725
34810
34646
35284
35409
35368
35821
36078
36486
36165
36654
37412
36801
38032
38186
38214
38071
38883
38814
38554
39247
38954
39316
39530
39892
40133
40384
40623
41611
41201
42196
41603
42238
42010
42911
42436
7983
9416
11572
13200
15438
16413
16462
16850
16761
16823
16469
17069
17669
17632
18253
18227
18878
19198
19937
19910
19705
20136
20304
21024
21366
21375
22055
22082
22358
22965
23018
23117
23803
23921
24090
24710
24966
24638
25255
25867
26207
24901
26373
26600
26967
27076
26972
26816
27281
27541
27809
28244
28779
29355
29006
29186
29682
29884
30230
30679
30760
31049
31183
31552
32043
32310
32462
32453
33211
33374
33047
33837
34206
33747
34144
34526
35159
35086
35372
35593
36456
36172
36253
36329
36481
37607
36873
37418
37527
38586
38237
38644
38831
39423
39045
39106
39562
40013
40127
40215
10088
11923
13592
15924
17213
16896
17750
17889
17319
17929
17871
18127
18842
18712
18789
19378
19764
20342
20447
21050
21097
21537
21882
22461
21885
22813
23549
23110
23572
23557
24590
24633
24663
25300
25717
26366
26108
26940
26786
27274
27609
27978
28453
28642
28922
29207
29712
30080
30680
31456
31181
31481
32067
32126
32997
32629
33174
33210
33098
33642
33771
34295
34807
34932
35597
35676
36063
36181
36555
36916
37258
37551
37685
38320
38566
38829
39006
39825
39447
39734
40684
40580
40963
41072
41270
40926
41478
42689
41842
42072
42544
42826
42970
43464
43589
43973
44318
44814
45043
45324
3932
4103
6872
9242
9870
11428
12796
13654
15534
21429
24921
27446
30429
36254
41479
43960
45032
45130
45870
48232
48321
52566
57096
57897
58690
59400
60597
60505
61472
61950
62118
62303
63634
64085
63636
64264
64420
195395
196148
196330
197181
197692
197378
198320
198075
197669
199055
198008
199611
198922
199563
199298
199562
200633
200966
201078
201383
201144
201750
202374
201817
202675
203074
202774
203760
203285
203594
204479
204097
205104
205311
205453
204973
206178
205932
206760
206665
207553
207439
207341
208300
207991
208330
208514
208791
209567
209688
210110
211070
210866
211787
210938
212291
212700
212799
212401
212888
213143
213494
214443
14090
17151
18381
20209
21161
21260
21634
22018
22217
22436
22612
22440
23020
23540
23674
24080
24786
25107
25193
25498
26375
26562
26685
26150
26888
27327
28242
27779
28784
28889
28985
29528
29939
29751
30047
30558
30991
31498
32138
32518
32419
32676
33226
33550
34008
34523
34653
34634
35124
35561
36235
36316
36548
36540
37080
37786
38154
38212
38097
39099
39149
39590
39086
39922
40785
41089
40704
41276
42513
41613
41800
42406
42837
42623
44162
43496
43757
44155
44486
44339
45195
45154
45319
45916
46607
47624
47051
47268
47382
47697
48281
48152
48388
49076
49328
49390
49900
49992
50379
50516
12892
15480
17399
19884
20471
20537
20977
21241
21560
22000
22168
22375
22840
23470
22596
23519
24075
23877
24090
25013
25303
25694
26400
26274
27533
27265
27787
28188
28472
29013
29312
29572
29527
29896
30321
31031
31057
31829
31750
32599
32216
33310
33211
33832
34013
33838
34347
34867
35130
35744
36266
36498
36902
37090
37430
38231
37643
37394
37822
38466
38516
38962
39049
39746
39736
39923
40313
41118
41595
41790
41989
42287
42475
42623
43029
43205
43992
43679
44638
44585
45207
45510
45794
45609
46443
46918
47024
47085
47440
48120
47709
48348
48105
48421
48764
48992
49237
49914
49964
50209
10722
12374
14878
16875
18871
19225
18861
19426
20129
20565
19389
20354
24286
26060
28526
29060
27373
22406
36263
32409
25161
34704
34663
19881
23430
31818
29216
26335
30722
25068
30057
28031
31686
21281
26796
39462
36520
23664
30248
29348
33549
29600
36232
26830
36921
35595
34676
29256
35115
32081
34408
28084
29813
27590
33183
32894
26352
34081
20045
25277
24327
22163
21609
32075
41078
28162
35266
38335
22930
33706
26781
20896
35125
23818
33312
32838
22899
31325
31122
44084
24621
30717
42514
31980
28556
44779
45756
46774
46979
47298
47339
47544
47850
48117
48301
48663
48849
49636
49743
49971
9783
10822
13549
15997
16924
17963
17564
18252
18280
18552
18058
18542
18625
19339
19679
19706
20021
20408
20863
21327
20889
21877
22143
22175
22435
23407
23508
23974
24423
24505
24312
25356
25340
25920
25997
25818
26089
26698
26915
27167
26959
27518
27566
28712
28335
28552
29073
29271
29883
30169
29917
30531
31385
30939
31636
31611
32054
32684
33043
32764
33690
33752
33731
34581
34382
34652
34749
34671
34658
36108
35557
35839
35843
36395
36629
36654
37127
37319
37430
38151
38350
38335
38611
39144
39672
39650
40255
39942
40795
41150
41030
41565
41815
42563
41865
42220
42649
42685
43068
43207
7731
8931
10111
12581
15124
16830
17782
17757
18086
18846
18298
18874
18758
18868
19745
20197
20014
20816
20658
21193
21374
21981
22164
22403
22719
23159
23349
23667
23960
24402
24387
24620
24866
25336
25676
26023
26100
25295
25948
26704
26578
26631
27255
28155
28494
28160
28624
28822
29739
28991
29398
29887
29926
30947
30823
30939
31680
32832
33566
33347
32565
33864
33299
34242
34745
35717
34702
35532
35867
36171
35345
37078
36843
36748
37447
37052
37420
37902
38741
38665
39111
39375
39675
39459
39531
40398
40931
40703
40797
41336
41778
41612
42515
42704
42754
42973
43413
43714
43518
44271
4746
7760
9620
11850
13264
15323
17686
18157
18267
18602
17776
18724
18975
19481
19599
20113
20893
20902
20677
21383
21731
21484
22198
22382
22791
23133
23700
24053
24096
24574
24696
25302
25663
25973
25996
26065
26426
27076
27096
27273
27803
28097
28343
28629
29390
28966
29394
28775
29784
29772
30597
29935
30913
30933
31040
31173
32733
31666
32706
32372
32737
33745
33511
34115
34095
34320
34807
35368
34966
36127
35408
36514
36322
37035
37105
36933
36959
37884
37621
38607
38388
38601
38777
39835
39788
40278
40326
40507
41220
41221
41735
41073
42294
41736
41710
42310
42822
43399
43351
43935
8271
8951
11511
13118
15678
17493
17759
17757
18220
18494
18237
18730
18925
19743
19624
20053
20577
21127
20990
21390
21610
22124
22398
22859
23066
23357
23884
23901
24905
24850
25119
25624
25992
26145
26628
26807
27332
27573
28030
28226
28454
28594
29048
29444
29495
29797
30312
30103
29986
29885
30897
31418
31417
31889
32155
32666
32701
33313
32708
34031
33725
33781
34343
34557
34817
35670
35936
35407
36613
36763
36363
36931
37335
37238
38064
38586
38349
38721
38664
39018
38938
39352
40096
40036
40821
40594
41026
41539
41498
42040
41953
42969
43148
42669
43102
43520
43879
43640
44329
44967
8149
9435
11162
13027
15418
17115
17988
17971
18356
18675
17995
18766
18997
18977
19441
19684
19776
20122
20367
20691
21130
21452
21772
22099
21808
22103
22594
22849
23466
23480
23924
23811
24373
24599
25205
25359
25868
26129
26327
26260
26702
27329
27477
27649
28245
28508
28231
28982
29049
29560
29718
29194
30027
30389
30781
30765
31456
31679
31229
31272
32308
32749
32182
32685
33205
33756
33379
33690
34550
34240
34861
35731
35301
35365
35569
36032
36644
36495
37028
37485
37736
38034
38073
38685
38222
39006
39269
39236
39961
39987
39910
40880
41023
40683
41644
41905
41827
42174
42491
42420
