4735
4916
6294
9367
12054
16738
19321
21148
20677
19652
18794
22769
19447
22905
20163
20762
20887
25177
24907
25565
23633
25255
21778
26883
22498
27567
23269
26987
24400
27106
24587
25062
26888
28861
32110
29439
32479
28193
26698
33750
30301
34469
35593
33181
33596
32358
30287
34871
37052
37369
38341
38568
37939
38998
36130
37725
36034
41618
41338
36848
38830
40589
36899
40281
38240
40764
38719
39705
39041
40535
39671
41194
40168
41549
43223
43158
44052
43056
43320
43022
44181
44363
44016
45204
44951
45174
46666
46614
47238
47255
47502
46917
48202
48567
48922
49528
49373
49647
50014
51396
116
113
85
77
59
76
72
67
124
92
68
78
66
102
93
72
71
79
74
78
94
83
90
585
960
105
127
109
154
131
109
68
312
69
95
105
185
76
178
123
104
813
71
107
160
70
73
112
933
82
82
2890
88
778
66
97
668
133
77
103
72
3362
78
107
68
95
79
70
75
68
89
4483
65
151
80
175
140
93
91
78
148
4133
3658
76
450
8764
100
6933
7015
7060
5828
80
79
73
71
99
559
70
132
6335
135
102
92
92
166
81
253
166
153
420
111
162
117
136
135
101
179
86
79
91
92
102
79
90
122
88
116
88
94
84
80
78
112
173
79
82
96
113
98
117
100
1601
138
1317
100
120
769
102
133
114
786
101
144
108
183
153
132
733
1183
66
133
107
642
131
121
123
129
174
173
178
691
109
132
662
1273
767
86
185
114
121
196
124
92
85
166
81
96
137
158
118
88
124
137
77
118
108
85
1059
118
1495
114
87
107
91
111
86
110
103
91
76
81
94
96
80
149
76
89
122
72
81
102
85
127
90
85
157
116
86
131
106
134
134
113
108
120
99
2175
100
94
96
167
93
253
101
125
128
90
121
120
119
86
118
91
105
515
119
100
85
84
83
84
88
84
114
121
124
557
160
129
148
111
176
185
524
98
99
132
100
114
117
139
98
88
135
89
154
106
190
203
373
735
256
149
172
184
714
67
236
712
132
125
92
91
204
84
82
93
86
99
78
108
100
421
76
111
134
85
117
96
124
96
99
81
94
122
90
110
173
85
159
107
140
102
74
84
87
84
138
81
93
215
79
96
82
691
120
848
160
107
120
280
279
276
117
111
131
100
94
96
139
121
144
316
112
133
150
171
601
135
107
105
681
160
766
1304
217
754
1451
104
123
104
467
92
92
228
162
704
193
167
739
108
169
153
163
114
249
115
151
301
1145
129
209
113
179
84
85
107
86
86
123
86
85
78
94
358
273
119
84
125
101
275
155
147
108
120
176
108
172
199
147
146
96
221
125
86
146
85
158
1417
562
302
350
276
105
137
354
86
1793
480
323
115
168
163
109
232
138
127
130
306
255
395
101
88
80
96
108
163
129
113
226
99
86
87
122
131
310
444
613
140
124
96
460
113
389
789
376
349
225
438
115
149
117
146
114
113
118
131
113
236
149
89
135
100
86
89
118
84
99
81
87
78
77
91
75
89
78
81
95
83
84
98
81
95
78
302
418
129
114
284
461
89
121
81
213
305
106
107
80
97
93
116
123
436
118
85
1331
131
143
100
106
107
125
519
152
172
124
89
480
275
113
106
92
97
78
87
82
77
77
73
75
82
78
72
74
78
91
84
75
75
77
74
85
115
86
82
150
3320
78
87
86
74
92
80
3430
89
81
75
85
80
84
484
89
78
97
102
61
106
57
54
71
52
67
86
87
83
86
140
91
85
81
88
75
82
88
94
78
106
77
122
85
82
70
80
84
93
111
117
125
75
1150
614
80
367
76
108
76
76
82
80
82
105
74
88
86
82
77
71
136
82
95
74
82
76
74
83
82
103
88
81
76
71
872
75
76
94
83
78
424
100
77
90
77
104
80
2627
82
164
172
88
2766
75
92
2859
80
2043
93
72
82
82
2227
119
102
104
115
361
624
191
105
147
132
104
94
95
87
90
81
90
82
89
88
90
84
87
103
192
114
78
1242
270
111
128
108
698
101
130
109
154
363
118
115
230
103
2420
782
165
1012
444
153
191
84
77
87
75
155
80
86
109
92
91
110
97
183
336
83
82
78
122
83
83
88
2831
76
82
96
81
99
77
86
96
2901
102
2994
78
74
87
77
75
81
79
2941
96
366
118
520
89
72
608
445
308
825
132
97
87
196
90
85
84
73
87
91
89
87
107
89
85
86
86
93
86
82
121
84
107
94
78
83
95
90
85
85
207
114
878
103
401
544
1204
117
111
306
87
424
381
144
114
115
87
142
90
90
118
100
119
108
93
99
122
118
103
134
317
484
470
608
95
110
103
118
111
108
92
77
829
920
1171
111
104
118
269
142
115
263
84
86
80
1577
869
90
84
77
100
78
95
1856
84
83
80
79
75
100
90
99
86
94
100
90
86
145
91
83
90
135
89
95
109
291
153
663
405
505
98
134
88
83
90
93
108
87
93
87
76
87
85
86
86
101
86
110
92
80
86
92
263
82
71
79
89
81
138
273
1087
1195
101
82
125
89
77
101
90
90
146
94
99
79
81
81
371
78
86
78
90
71
78
83
74
77
80
74
101
478
117
172
226
394
522
367
79
83
1698
86
88
1667
1530
2050
76
73
114
108
763
126
130
104
100
96
90
92
82
89
109
96
215
92
89
93
88
99
84
81
369
119
128
103
160
142
121
113
349
114
105
138
125
86
162
111
106
543
126
113
101
113
459
692
113
577
127
108
854
129
398
85
108
84
119
158
93
101
79
161
80
203
81
91
84
1026
120
320
1132
165
105
99
133
157
356
321
122
99
1150
4515
78
4663
104
85
83
4081
4585
91
84
132
81
95
89
122
193
75
76
83
76
84
4254
70
128
98
101
92
115
81
88
85
90
87
106
84
80
87
80
394
77
981
107
184
105
108
162
108
89
252
725
412
119
805
905
84
105
509
126
242
101
132
124
102
113
95
106
104
101
104
108
96
128
109
106
101
104
97
101
107
109
112
108
98
104
109
102
100
97
168
102
943
79
169
96
79
107
89
1057
1143
1163
1151
83
86
71
139
135
77
1288
303
282
307
368
326
102
524
1177
1687
168
240
106
1830
108
491
117
87
97
80
79
437
112
72
104
77
94
77
87
586
103
96
86
88
88
93
92
91
82
90
98
68
82
77
105
81
70
93
286
104
112
86
90
130
100
109
312
85
116
595
178
556
113
2696
415
333
95
114
106
178
152
83
104
773
219
121
3961
641
116
595
882
407
66
70
70
83
75
80
1644
77
73
86
91
121
202
168
106
70
101
116
107
98
78
99
1693
96
78
307
310
361
448
134
104
93
77
1026
74
100
68
113
117
131
103
75
83
75
75
76
67
77
82
84
72
66
82
87
96
564
92
97
548
96
94
310
108
116
79
98
388
82
79
1004
84
166
69
77
66
72
128
100
103
80
86
963
86
84
73
77
117
125
310
339
105
175
67
143
433
111
713
109
107
210
107
103
800
742
104
112
108
130
133
103
94
83
72
79
89
100
92
79
375
88
390
4797
1251
115
3447
3487
5160
99
144
469
4002
363
90
5386
88
68
61
55
62
53
52
88
107
90
69
51
56
53
51
488
55
358
116
487
131
45
130
47
46
80
90
43
199
49
48
2116
51
41
134
81
59
78
78
45
44
43
43
50
47
273
102
77
80
43
42
45
42
43
48
43
46
81
47
76
523
104
136
104
163
119
114
125
107
102
98
48
99
77
2696
93
85
2516
76
1304
489
197
104
468
151
510
91
284
723
76
112
88
89
770
3883
109
146
148
1129
128
126
118
87
75
59
95
106
83
83
107
101
92
404
90
113
205
144
117
122
106
104
124
96
854
98
201
144
104
768
105
1009
697
124
267
264
103
398
100
113
200
1264
124
224
287
122
106
842
102
96
104
1289
102
117
122
106
80
99
82
121
103
261
93
114
112
1295
111
84
73
83
70
73
77
81
110
646
586
111
537
772
80
2648
76
85
98
84
80
86
80
93
2576
85
2411
2424
2909
2888
459
1968
137
1030
758
118
82
83
122
110
84
104
83
91
81
95
112
76
91
81
102
92
92
93
79
87
105
89
88
94
141
82
98
86
122
366
82
85
108
109
82
224
102
84
109
87
93
76
76
84
83
79
103
87
99
100
122
102
88
149
1410
107
128
115
106
47
129
82
102
2533
77
1117
91
384
80
78
126
92
82
109
82
133
90
77
220
125
88
81
75
88
117
93
83
90
81
67
77
76
106
125
46
74
157
4519
129
139
120
103
119
90
96
88
83
78
80
79
98
82
83
81
501
85
522
313
761
107
193
108
87
904
953
104
371
97
291
106
590
79
108
1073
100
3042
105
118
189
78
192
85
488
153
74
90
99
84
71
521
85
136
108
114
131
84
94
82
186
111
117
867
104
91
109
76
114
75
84
78
75
78
99
89
89
88
83
1372
72
84
82
79
128
81
1307
81
72
121
491
113
104
170
79
90
1845
457
111
452
406
127
97
89
92
96
89
92
86
84
105
392
94
116
161
397
93
107
319
496
693
302
101
101
471
1066
537
189
109
1152
127
100
132
344
107
363
99
355
298
248
349
115
117
102
115
105
106
97
97
84
107
80
1225
254
85
107
108
147
110
113
1662
163
1755
468
134
108
103
108
2306
103
101
104
110
126
130
108
716
284
384
107
103
89
462
91
561
1430
79
79
82
75
94
74
674
98
765
80
74
77
73
110
73
88
123
84
65
108
106
86
82
82
80
91
100
82
93
104
109
126
84
109
403
153
324
312
103
109
116
120
112
114
400
148
1121
126
690
89
139
99
110
91
89
88
100
96
85
292
512
232
97
78
107
151
499
113
73
107
83
71
84
81
71
77
96
529
923
116
159
766
874
83
138
120
808
81
92
77
487
113
116
370
669
145
1402
591
176
122
133
267
740
384
354
497
437
86
107
106
101
511
667
1375
116
131
116
61
65
92
108
87
83
85
90
91
99
88
81
87
88
280
104
245
82
443
109
225
111
227
126
130
172
209
111
207
358
89
103
95
93
97
81
79
88
115
85
118
79
78
414
155
88
80
89
98
92
77
92
84
79
94
82
72
105
112
150
289
342
88
83
118
101
117
107
322
155
168
95
104
821
157
131
485
247
198
199
84
227
85
94
79
79
102
104
100
131
79
89
201
175
132
86
97
90
135
106
87
92
87
97
87
85
78
95
86
86
93
76
88
96
433
120
278
105
188
103
86
522
139
117
348
99
74
116
75
135
164
782
195
72
83
75
91
96
197
102
149
74
84
86
96
96
87
77
98
88
105
87
79
86
86
101
78
78
86
72
80
243
89
88
76
310
194
508
416
644
278
80
88
88
76
74
83
2637
77
2949
78
81
84
861
3048
91
84
93
74
376
439
2957
108
2762
648
110
391
569
88
97
103
84
76
59
80
54
80
73
95
93
84
85
86
73
73
69
83
84
604
75
79
81
87
416
121
778
79
523
1565
89
86
94
96
87
85
80
81
79
82
279
271
92
112
84
89
77
82
101
79
339
106
106
494
173
97
100
235
252
132
566
243
116
152
74
84
72
73
83
76
73
497
78
77
85
105
712
235
2214
1024
1184
567
329
387
116
1214
2804
151
369
358
429
3361
85
76
3399
87
72
117
135
73
118
81
94
90
92
103
72
89
86
85
444
631
699
151
106
122
119
110
95
137
96
112
105
225
111
109
121
111
125
102
116
670
173
145
161
166
350
262
225
322
122
222
95
80
730
509
121
80
87
204
81
81
1154
163
78
1825
1471
97
82
103
2087
79
71
104
85
91
76
86
87
76
81
74
83
85
77
85
72
81
80
2086
2157
71
84
78
76
451
436
85
101
106
722
116
1171
515
534
106
101
122
101
126
96
92
83
81
89
88
88
88
87
85
58
64
97
81
89
81
78
80
79
94
90
109
80
82
77
356
500
71
551
93
110
140
360
392
100
130
149
1103
94
91
351
856
91
116
80
74
70
78
101
436
79
86
79
79
551
91
125
128
113
113
101
227
302
80
105
83
81
79
75
104
105
115
108
98
94
79
406
421
156
118
653
106
189
140
106
145
204
124
228
702
707
154
90
88
88
1319
84
83
82
101
91
165
616
109
399
214
149
1069
192
326
139
97
401
108
400
81
86
87
107
88
104
800
112
136
84
98
122
106
99
166
108
83
128
89
80
90
103
78
81
427
91
797
118
106
137
106
287
130
162
251
104
155
683
185
199
113
111
111
174
68
79
76
68
84
96
70
262
1377
92
94
96
110
118
122
135
105
104
105
142
86
96
86
80
74
80
78
82
93
77
71
79
76
78
79
78
76
70
76
83
122
108
89
84
83
83
83
89
95
93
101
83
91
97
82
968
108
436
118
93
146
74
990
78
77
82
104
76
105
87
82
62
82
289
75
83
216
78
112
76
73
131
76
84
266
107
103
71
92
81
210
85
83
71
71
77
89
68
784
89
1882
875
92
84
92
81
74
82
76
96
72
85
97
1139
1591
2955
77
82
81
71
91
81
79
91
77
74
81
72
93
72
76
74
82
301
300
73
392
362
96
386
158
92
123
105
88
77
103
89
106
85
81
86
95
86
83
126
88
95
101
97
78
78
95
99
377
95
113
73
96
208
110
101
75
85
167
291
128
401
121
122
122
81
79
404
84
114
122
173
91
90
85
89
213
400
83
86
95
106
88
94
83
509
82
81
258
82
86
571
853
89
89
138
101
86
83
104
75
92
82
76
87
90
78
108
99
107
137
123
104
117
108
129
106
110
1223
646
360
174
120
732
146
113
108
87
86
82
88
260
84
90
82
82
88
99
81
77
96
92
733
126
778
257
123
92
88
80
73
103
144
77
73
106
677
103
122
75
108
104
426
128
87
1890
92
101
1989
107
114
395
128
89
86
90
103
93
111
79
146
101
97
1563
84
134
72
301
72
124
81
1638
482
1699
102
124
158
204
82
430
922
924
138
684
2360
120
151
116
88
87
1750
937
79
95
222
99
85
73
101
94
88
1321
95
923
109
108
78
85
87
70
81
72
75
82
67
68
68
71
76
83
82
294
66
82
102
75
82
66
84
76
67
84
73
93
72
67
506
75
69
315
309
72
72
853
94
67
117
683
82
95
71
203
87
188
142
283
81
72
82
69
117
86
67
193
77
112
100
70
89
69
287
426
71
76
66
65
90
64
73
87
64
70
128
79
2533
98
107
95
91
265
271
335
303
312
329
80
189
221
105
342
76
1204
72
199
