4893
9785
12529
14599
12182
17128
19572
20200
20445
21568
25584
22349
25635
22492
26359
23681
23424
24032
24777
25768
24840
24153
24703
29892
30199
31964
26748
26879
27398
27678
28432
28513
29062
29731
29859
30211
30808
37120
37316
36872
38065
38197
37982
33238
33743
39053
39775
38556
40653
41011
41355
41398
36907
42760
43518
42574
42452
39418
43159
44305
40744
41249
41723
41383
45024
41727
46882
46124
47179
47024
43067
48379
44396
48378
45201
45555
49497
50625
50348
50712
51053
51334
52394
51999
48652
52941
48961
54586
50063
54763
51382
55568
56248
52470
52594
52712
53149
53433
54035
54493
149
110
105
114
68
87
140
169
166
91
102
137
78
111
87
638
100
109
193
114
527
994
209
155
102
180
87
75
171
313
183
116
135
100
100
71
131
96
124
2422
123
98
101
126
142
314
507
189
113
120
118
756
494
590
1121
1791
163
94
179
83
233
127
1075
261
149
76
2144
921
83
86
80
106
124
93
222
114
123
170
81
143
81
509
160
94
105
248
82
115
112
135
84
153
118
160
92
942
918
145
400
144
127
110
125
118
83
119
93
77
101
93
104
105
312
80
93
90
87
175
104
115
98
87
76
161
130
92
105
712
110
892
91
95
101
98
510
111
647
113
120
96
145
1148
98
285
337
78
177
182
108
110
107
103
1523
108
100
109
108
82
114
99
147
99
1588
125
110
90
118
268
110
1539
112
130
120
140
190
353
81
75
81
138
422
147
79
122
126
509
141
85
89
540
426
116
330
162
155
108
103
1173
110
113
179
103
84
95
83
88
76
80
105
87
125
85
94
109
84
103
105
83
221
84
155
84
96
115
108
102
113
138
89
92
196
121
87
83
89
95
129
77
81
125
98
76
139
90
110
84
104
138
77
73
86
1095
1255
112
569
107
116
78
110
156
132
118
93
83
89
147
92
225
204
110
1064
86
277
156
85
132
162
85
204
106
79
86
83
257
126
75
127
87
156
272
99
1156
83
131
78
2907
2962
3043
106
80
115
103
83
88
177
81
140
88
136
124
84
113
91
95
90
85
124
98
85
86
83
81
83
942
96
80
176
87
76
102
126
96
145
94
79
88
807
113
114
1442
503
169
174
114
106
137
198
151
123
120
109
120
135
392
116
598
99
125
107
111
351
168
191
117
339
1877
92
80
121
73
83
508
552
469
282
949
678
335
224
104
120
109
101
114
108
136
176
70
253
87
178
129
414
121
88
4797
99
122
144
128
115
129
202
160
81
92
101
84
97
134
91
77
75
74
81
165
79
152
103
151
109
109
74
89
105
80
447
220
112
89
87
95
96
74
89
85
138
140
97
135
132
120
99
147
109
112
81
92
94
90
94
102
128
97
126
105
88
82
103
134
113
81
116
110
1958
152
92
155
245
93
86
82
881
83
91
86
157
109
84
83
97
136
83
435
150
4356
92
96
76
77
69
71
44
48
82
107
84
484
72
4373
91
110
61
90
131
85
93
98
90
75
73
91
91
74
73
51
69
74
78
73
79
73
84
143
95
98
106
70
93
65
109
129
80
79
82
93
96
112
1041
87
73
72
100
79
93
70
164
99
210
141
69
2542
369
2268
177
80
77
80
78
74
70
88
147
297
185
96
68
68
72
73
72
100
68
68
3344
137
82
237
107
85
65
91
97
84
97
91
103
87
142
89
94
891
624
104
109
858
355
111
261
296
95
85
121
70
84
81
78
72
77
85
75
84
69
68
60
73
379
69
74
71
79
72
78
76
160
145
96
110
163
129
72
65
142
135
68
106
71
111
65
70
67
263
186
72
71
97
77
66
536
205
111
97
92
116
139
641
149
135
465
484
119
107
137
115
92
75
207
110
131
83
80
104
68
150
81
81
79
110
85
65
81
77
69
91
228
779
202
553
4299
98
4306
102
95
4086
104
103
87
468
139
199
113
86
71
79
73
78
67
126
97
76
100
109
70
75
93
133
109
67
78
105
112
125
76
93
70
81
64
68
117
78
70
85
73
66
93
68
74
72
100
67
78
76
75
74
71
121
105
83
388
62
128
92
98
89
1160
90
2532
135
92
74
189
129
146
80
100
78
73
115
2325
70
96
88
82
70
78
69
218
73
128
136
149
1052
93
688
225
72
3503
124
75
141
100
127
76
88
89
97
76
125
93
3582
82
88
109
76
70
92
74
76
77
72
90
73
67
74
69
70
80
152
87
112
124
87
122
83
453
104
119
196
88
105
840
87
109
766
100
113
1104
143
131
65
135
111
989
72
112
73
118
1197
346
70
73
97
1232
226
172
293
70
75
73
94
85
68
2752
125
123
76
72
69
127
699
63
264
120
101
97
268
87
814
251
116
105
490
401
121
1144
134
90
96
89
111
121
89
80
282
687
95
141
175
141
90
104
66
84
92
82
72
82
111
69
155
71
84
76
90
93
74
69
72
283
100
500
200
96
114
275
76
408
105
165
134
82
172
72
65
84
72
108
72
71
77
77
119
66
71
72
114
97
113
98
123
118
218
105
133
120
74
605
125
181
663
535
138
97
84
72
77
136
73
75
147
95
661
88
1158
78
158
100
113
96
96
100
77
82
89
105
70
174
279
157
96
89
93
77
86
112
103
359
474
230
296
112
74
92
81
68
74
76
70
78
197
92
70
77
84
92
119
96
91
68
71
75
80
137
75
79
92
70
76
86
72
75
65
75
65
67
155
137
160
116
86
73
87
82
92
70
84
108
72
778
865
95
85
1092
97
103
124
71
72
72
109
89
239
113
71
115
1634
96
82
450
88
68
86
1575
931
98
344
107
83
336
1164
114
82
91
184
96
127
112
203
195
118
106
112
98
92
87
110
70
92
100
3424
123
74
84
109
76
75
106
90
76
69
78
75
123
73
73
181
73
152
191
421
105
345
198
451
82
1197
1199
107
1448
335
98
764
1534
111
88
84
66
1725
109
95
110
125
75
99
102
101
1758
74
68
112
73
75
82
76
71
73
117
88
68
264
121
71
71
76
63
67
70
78
87
74
70
67
97
65
107
71
397
70
74
73
68
97
77
81
147
93
153
105
79
149
92
127
243
123
132
109
154
123
1190
146
112
85
80
78
67
73
106
74
71
79
79
76
70
84
81
76
86
76
154
76
123
69
72
72
84
72
78
80
79
69
64
71
74
65
133
72
71
70
2725
2743
67
74
99
80
69
204
484
81
74
66
67
68
2761
63
69
4019
100
59
100
73
63
139
65
46
84
90
69
78
79
68
75
68
75
74
66
67
90
79
46
67
68
64
175
70
77
74
71
71
65
72
75
69
64
64
79
72
67
72
92
65
62
140
79
55
80
78
94
156
348
82
76
72
83
66
74
129
109
95
80
74
71
70
97
490
64
78
58
104
716
711
67
71
1065
76
77
76
71
70
67
79
66
93
67
66
108
73
69
74
66
85
66
64
73
63
63
76
64
89
62
73
66
68
271
63
285
98
589
216
149
579
133
429
53
44
76
70
44
74
77
84
77
45
70
67
76
70
72
151
71
66
1881
74
65
71
240
60
326
96
407
142
110
93
85
53
55
55
65
66
131
75
74
81
89
76
307
107
143
131
97
92
83
112
98
110
114
135
129
98
77
90
120
84
91
80
83
85
80
75
73
86
114
106
90
95
202
701
753
76
83
79
90
78
70
237
399
125
85
106
437
712
163
183
90
160
90
492
138
89
89
76
93
72
76
82
77
89
93
89
91
78
93
85
74
79
81
78
70
74
72
73
81
79
77
77
76
73
80
83
619
2192
102
77
95
84
83
79
87
97
93
101
77
72
83
79
119
86
84
78
81
447
105
209
649
102
89
122
217
113
112
143
111
90
89
105
101
88
96
104
77
157
96
113
469
558
100
83
69
84
79
73
71
77
96
97
88
74
1393
84
79
73
84
70
71
87
77
70
78
75
73
281
66
263
129
348
100
106
139
124
187
149
708
309
253
168
353
83
81
84
71
202
87
67
77
70
85
72
119
85
69
481
114
82
74
86
77
377
83
106
84
73
71
71
52
44
80
69
79
77
73
78
104
94
73
71
74
80
74
75
106
71
83
68
69
75
73
66
93
67
334
298
439
333
77
80
100
68
312
544
95
121
244
77
71
119
88
123
124
109
75
66
1484
79
78
1500
1433
1400
65
72
67
107
126
73
64
64
67
71
62
102
200
78
62
71
72
71
76
67
69
68
81
64
89
66
82
71
81
76
76
67
62
75
144
85
99
81
87
71
69
78
105
70
65
74
70
76
70
115
82
68
107
83
61
59
72
545
96
97
71
1239
81
1182
69
101
85
91
77
89
99
80
64
2067
2278
1181
83
147
847
68
74
252
1586
86
81
65
86
433
80
80
416
2616
79
76
69
125
66
77
65
267
1993
65
1632
1650
78
72
77
67
1223
103
73
107
65
78
1009
123
65
131
3996
66
162
80
70
2227
283
104
1540
275
2187
219
127
73
1532
774
107
82
75
74
144
71
108
72
76
116
132
163
87
93
110
557
292
459
408
92
77
91
90
174
74
366
76
141
351
377
76
502
75
111
93
119
77
277
212
66
71
62
72
72
74
64
71
66
64
71
78
104
64
65
149
69
99
66
69
78
70
77
65
81
66
723
81
117
698
69
99
110
77
68
144
75
64
160
338
107
71
871
66
67
515
1346
91
177
2553
160
278
105
3105
124
3159
149
249
70
73
3154
208
88
57
73
75
77
79
81
77
75
168
78
68
55
263
65
77
80
150
85
67
454
92
413
408
80
433
765
76
322
70
907
166
103
95
130
85
91
369
94
831
763
325
309
123
71
70
68
262
75
73
71
73
1898
97
105
94
67
167
66
705
104
65
69
110
76
83
79
71
86
204
85
72
76
248
70
326
376
177
82
102
69
80
391
64
74
69
590
204
570
1013
733
625
67
233
817
63
550
64
609
113
110
55
86
129
74
78
73
80
70
94
74
83
77
68
102
82
107
530
80
86
79
72
88
141
105
68
222
173
146
80
67
92
97
135
301
96
83
117
71
82
137
153
71
84
76
68
65
85
69
63
71
66
909
63
74
63
70
66
65
70
72
61
65
75
130
376
415
407
95
465
94
364
119
90
133
108
134
114
127
260
146
130
315
343
69
161
128
135
357
69
383
96
92
101
147
88
224
184
90
120
81
76
66
76
82
73
85
76
86
70
75
212
114
78
85
346
114
69
340
1586
506
95
91
90
667
108
75
158
91
91
89
110
163
101
97
118
104
1541
91
98
75
75
77
81
74
99
74
99
378
79
101
104
181
139
276
100
87
66
97
331
92
137
92
85
1196
86
99
582
85
78
62
66
72
61
69
95
65
70
85
69
69
79
64
89
79
66
106
93
105
79
76
88
73
67
68
69
78
50
71
112
62
82
81
84
78
84
79
72
108
75
80
71
94
78
146
238
342
113
77
95
92
225
75
127
82
727
73
1219
80
601
70
74
75
70
77
116
95
64
67
71
72
68
75
88
74
69
85
214
109
116
69
72
79
74
71
64
125
77
70
66
81
64
62
66
70
1552
73
135
65
248
75
76
73
278
2179
414
480
80
463
231
69
71
65
77
97
64
68
68
63
75
1031
862
66
67
872
61
1089
77
104
87
91
87
79
83
72
74
68
75
81
346
273
95
173
95
135
265
81
75
85
81
90
84
155
227
83
100
70
115
73
104
74
68
83
113
468
68
83
74
65
106
254
343
209
104
99
107
94
95
70
92
66
92
76
90
105
115
77
94
67
231
85
151
81
93
73
80
77
69
74
177
70
71
114
76
76
74
68
77
67
77
78
65
67
2106
69
97
83
72
69
66
68
84
69
70
69
2247
72
70
68
115
72
85
197
311
81
73
72
77
62
260
91
76
437
71
80
78
76
96
82
79
64
236
199
81
73
67
85
74
65
90
206
69
89
64
717
85
82
68
67
211
298
70
71
66
63
66
66
131
64
84
62
801
78
74
70
66
64
71
80
99
102
64
75
72
69
157
70
72
75
93
161
64
67
70
64
83
67
70
654
113
809
189
192
713
96
109
88
114
106
221
201
77
253
122
89
3597
71
95
77
81
85
57
110
82
76
74
77
72
78
66
82
289
336
301
250
117
561
81
90
95
94
123
209
133
142
257
77
80
238
73
159
71
62
72
70
76
83
121
77
73
96
94
182
71
883
83
294
93
83
207
72
73
88
67
86
63
70
86
97
72
64
68
68
72
78
296
294
412
506
1520
93
279
98
1531
41
44
94
80
52
74
68
73
69
1303
78
67
61
81
69
75
75
76
69
160
70
1669
1660
560
184
77
62
80
85
68
77
76
74
75
63
82
71
116
79
80
85
915
70
453
363
334
81
351
73
91
757
77
655
959
75
811
81
80
69
1229
72
73
1049
81
163
82
148
72
102
286
92
82
106
101
120
104
148
80
79
115
90
94
85
202
72
72
65
63
175
69
66
72
65
70
71
67
84
79
74
73
64
87
66
64
72
70
96
51
93
326
719
360
179
71
784
1713
259
1749
70
683
87
103
409
2385
87
108
84
70
72
85
73
83
66
83
94
98
69
70
82
188
72
101
72
241
73
71
67
67
70
69
869
72
79
69
65
70
86
67
66
64
73
74
774
70
811
64
95
63
86
95
101
109
741
67
73
65
75
67
62
73
69
65
71
70
61
82
82
68
232
153
72
79
85
72
76
69
66
76
62
65
89
64
72
68
61
62
83
68
66
144
70
80
148
2748
272
2245
123
220
216
786
489
174
4548
3678
145
85
82
87
86
80
94
77
154
72
83
74
84
79
65
77
323
310
646
80
81
76
78
88
70
71
73
99
82
67
70
72
304
80
213
76
70
92
2121
93
123
2305
490
90
217
122
86
91
171
375
124
399
77
73
67
88
75
101
85
70
137
69
97
71
104
77
102
4945
70
5072
71
93
81
99
101
72
1003
74
405
103
159
104
97
1884
96
99
374
385
132
118
120
374
312
94
94
131
159
91
158
172
130
104
88
101
97
75
114
68
73
88
71
73
70
480
77
105
68
112
88
101
97
69
100
147
72
82
81
74
121
74
147
185
72
80
73
106
83
64
75
90
72
138
76
118
121
78
68
82
411
71
345
82
125
159
245
554
117
84
90
65
100
72
113
101
2640
72
92
69
78
67
101
83
161
66
2544
115
798
97
126
98
103
199
106
142
109
95
215
88
77
75
3451
116
71
3352
73
76
73
73
173
78
85
